<?xml version="1.0" encoding="UTF-8"?>
<!-- Generated by org.testng.reporters.JUnitReportReporter -->
<testsuite hostname="DESKTOP-MSL0C7J" failures="0" tests="1" name="pruebas.Laboratorio9" time="0.035" errors="0" timestamp="2022-04-27T09:32:41 ART" skipped="0">
  <testcase classname="pruebas.Laboratorio9" name="verValorTabla" time="0.035"/>
  <system-out/>
</testsuite> <!-- pruebas.Laboratorio9 -->
