<?xml version="1.0" encoding="UTF-8"?>
<!-- Generated by org.testng.reporters.JUnitReportReporter -->
<testsuite hostname="DESKTOP-MSL0C7J" failures="0" tests="1" name="pruebas.Laboratorio7" time="9.122" errors="0" timestamp="2022-04-12T09:06:11 ART" skipped="0">
  <testcase classname="pruebas.Laboratorio7" name="login" time="9.122"/>
  <system-out/>
</testsuite> <!-- pruebas.Laboratorio7 -->
