<?xml version="1.0" encoding="UTF-8"?>
<!-- Generated by org.testng.reporters.JUnitReportReporter -->
<testsuite hostname="DESKTOP-MSL0C7J" failures="0" tests="1" name="EducacionITcurso.Seleniumclase.Laboratorio6b" time="7.942" errors="0" timestamp="2022-04-25T20:29:54 ART" skipped="0">
  <testcase classname="EducacionITcurso.Seleniumclase.Laboratorio6b" name="buscarPalabra" time="7.942"/>
  <system-out/>
</testsuite> <!-- EducacionITcurso.Seleniumclase.Laboratorio6b -->
