<?xml version="1.0" encoding="UTF-8"?>
<!-- Generated by org.testng.reporters.JUnitReportReporter -->
<testsuite hostname="DESKTOP-MSL0C7J" failures="0" tests="3" name="pruebas.Laboratorio8" time="48.218" errors="0" timestamp="2022-04-27T12:01:56 ART" skipped="0">
  <testcase classname="pruebas.Laboratorio8" name="login" time="28.438"/>
  <system-out/>
  <testcase classname="pruebas.Laboratorio8" name="login" time="11.145"/>
  <system-out/>
  <testcase classname="pruebas.Laboratorio8" name="login" time="8.635"/>
  <system-out/>
</testsuite> <!-- pruebas.Laboratorio8 -->
