<?xml version="1.0" encoding="UTF-8"?>
<!-- Generated by org.testng.reporters.JUnitReportReporter -->
<testsuite hostname="DESKTOP-MSL0C7J" failures="0" tests="1" name="EducacionITcurso.Seleniumclase.Laboratorio3" time="15.220" errors="0" timestamp="2022-04-05T19:00:58 ART" skipped="0">
  <testcase classname="EducacionITcurso.Seleniumclase.Laboratorio3" name="registrarUsuario" time="15.220"/>
  <system-out/>
</testsuite> <!-- EducacionITcurso.Seleniumclase.Laboratorio3 -->
